<?xml version="1.0" encoding="UTF-8"?>
<!-- Generated by org.testng.reporters.JUnitXMLReporter -->
<testsuite ignored="1" hostname="PRATIK" failures="0" tests="4" name="Default test" time="0.074" errors="0" timestamp="2023-02-05T01:27:59 IST">
  <testcase classname="testNG.CarLoan" name="mobileCarLoan2" time="0.021"/>
  <testcase classname="testNG.CarLoan" name="apiCarLoan" time="0.001"/>
  <testcase classname="testNG.CarLoan" name="webCarLoan" time="0.001"/>
  <testcase classname="testNG.CarLoan" name="booksLoan" time="0.001"/>
  <testcase classname="testNG.CarLoan" name="mobileCarLoan1" time="0.0">
    <ignored/>
  </testcase> <!-- mobileCarLoan1 -->
</testsuite> <!-- Default test -->
