<?xml version="1.0" encoding="UTF-8"?>
<!-- Generated by org.testng.reporters.JUnitXMLReporter -->
<testsuite ignored="2" hostname="PRATIK" failures="0" tests="4" name="Car loan" time="0.072" errors="0" timestamp="2022-12-04T11:05:51 IST">
  <testcase classname="testNG.CarLoan" name="mobileCarLoan2" time="0.013"/>
  <testcase classname="testNG.CarLoan" name="mobileCarLoan3" time="0.003"/>
  <testcase classname="testNG.CarLoan" name="apiCarLoan" time="0.001"/>
  <testcase classname="testNG.CarLoan" name="booksLoan" time="0.001"/>
  <testcase classname="testNG.CarLoan" name="mobileCarLoan1" time="0.0">
    <ignored/>
  </testcase> <!-- mobileCarLoan1 -->
  <testcase classname="testNG.CarLoan" name="webCarLoan" time="0.0">
    <ignored/>
  </testcase> <!-- webCarLoan -->
</testsuite> <!-- Car loan -->
