<?xml version="1.0" encoding="UTF-8"?>
<!-- Generated by org.testng.reporters.JUnitXMLReporter -->
<testsuite ignored="0" hostname="PRATIK" failures="0" tests="3" name="DataProvider test" time="0.05" errors="0" timestamp="2022-11-20T22:12:30 IST">
  <testcase classname="testNG.DataProviderTestNG" name="test1" time="0.008"/>
  <testcase classname="testNG.DataProviderTestNG" name="test1" time="0.001"/>
  <testcase classname="testNG.DataProviderTestNG" name="test1" time="0.001"/>
</testsuite> <!-- DataProvider test -->
