<?xml version="1.0" encoding="UTF-8"?>
<!-- Generated by org.testng.reporters.JUnitXMLReporter -->
<testsuite ignored="0" hostname="PRATIK" failures="1" tests="3" name="Listeners" time="0.079" errors="0" timestamp="2023-02-05T00:00:25 IST">
  <testcase classname="testNG.day1" name="demo" time="0.01"/>
  <testcase classname="testNG.day1" name="failTest" time="0.005">
    <failure type="java.lang.AssertionError" message="expected [true] but found [false]">
      <![CDATA[java.lang.AssertionError: expected [true] but found [false]
at testNG.day1.failTest(day1.java:41)
at java.base/java.util.ArrayList.forEach(ArrayList.java:1511)
... Removed 29 stack frames]]>
    </failure>
  </testcase> <!-- failTest -->
  <testcase classname="testNG.day1" name="secondTest" time="0.001"/>
</testsuite> <!-- Listeners -->
