<?xml version="1.0" encoding="UTF-8"?>
<!-- Generated by org.testng.reporters.JUnitXMLReporter -->
<testsuite ignored="0" hostname="PRATIK" failures="1" tests="3" name="Listeners" time="0.057" errors="0" timestamp="2022-11-20T23:01:59 IST">
  <testcase classname="testNG.day1" name="demo" time="0.007"/>
  <testcase classname="testNG.day1" name="failTest" time="0.003">
    <failure type="java.lang.AssertionError" message="expected [true] but found [false]">
      <![CDATA[java.lang.AssertionError: expected [true] but found [false]
at testNG.day1.failTest(day1.java:35)
at java.base/java.util.ArrayList.forEach(ArrayList.java:1511)
... Removed 29 stack frames]]>
    </failure>
  </testcase> <!-- failTest -->
  <testcase classname="testNG.day1" name="secondTest" time="0.001"/>
</testsuite> <!-- Listeners -->
