<?xml version="1.0" encoding="UTF-8"?>
<testng-results ignored="1" total="5" passed="4" failed="0" skipped="0">
  <reporter-output>
  </reporter-output>
  <suite started-at="2023-02-05T01:27:59 IST" name="Default suite" finished-at="2023-02-05T01:27:59 IST" duration-ms="74">
    <groups>
      <group name="Smoke">
        <method signature="CarLoan.webCarLoan()[pri:0, instance:testNG.CarLoan@16293aa2]" name="webCarLoan" class="testNG.CarLoan"/>
      </group> <!-- Smoke -->
    </groups>
    <test started-at="2023-02-05T01:27:59 IST" name="Default test" finished-at="2023-02-05T01:27:59 IST" duration-ms="74">
      <class name="testNG.CarLoan">
        <test-method is-config="true" signature="beforeSuite()[pri:0, instance:testNG.CarLoan@16293aa2]" started-at="2023-02-05T01:27:59 IST" name="beforeSuite" finished-at="2023-02-05T01:27:59 IST" duration-ms="13" status="PASS">
          <reporter-output>
          </reporter-output>
        </test-method> <!-- beforeSuite -->
        <test-method is-config="true" signature="beforeTest()[pri:0, instance:testNG.CarLoan@16293aa2]" started-at="2023-02-05T01:27:59 IST" name="beforeTest" finished-at="2023-02-05T01:27:59 IST" duration-ms="0" status="PASS">
          <reporter-output>
          </reporter-output>
        </test-method> <!-- beforeTest -->
        <test-method signature="mobileCarLoan2()[pri:0, instance:testNG.CarLoan@16293aa2]" started-at="2023-02-05T01:27:59 IST" name="mobileCarLoan2" finished-at="2023-02-05T01:27:59 IST" duration-ms="21" status="PASS">
          <reporter-output>
          </reporter-output>
        </test-method> <!-- mobileCarLoan2 -->
        <test-method signature="apiCarLoan()[pri:0, instance:testNG.CarLoan@16293aa2]" started-at="2023-02-05T01:27:59 IST" name="apiCarLoan" finished-at="2023-02-05T01:27:59 IST" duration-ms="1" status="PASS">
          <reporter-output>
          </reporter-output>
        </test-method> <!-- apiCarLoan -->
        <test-method signature="webCarLoan()[pri:0, instance:testNG.CarLoan@16293aa2]" started-at="2023-02-05T01:27:59 IST" name="webCarLoan" finished-at="2023-02-05T01:27:59 IST" duration-ms="1" status="PASS">
          <reporter-output>
          </reporter-output>
        </test-method> <!-- webCarLoan -->
        <test-method signature="booksLoan()[pri:0, instance:testNG.CarLoan@16293aa2]" started-at="2023-02-05T01:27:59 IST" name="booksLoan" finished-at="2023-02-05T01:27:59 IST" depends-on-methods="testNG.CarLoan.mobileCarLoan2" duration-ms="1" status="PASS">
          <reporter-output>
          </reporter-output>
        </test-method> <!-- booksLoan -->
        <test-method is-config="true" signature="afterTest()[pri:0, instance:testNG.CarLoan@16293aa2]" started-at="2023-02-05T01:27:59 IST" name="afterTest" finished-at="2023-02-05T01:27:59 IST" duration-ms="1" status="PASS">
          <reporter-output>
          </reporter-output>
        </test-method> <!-- afterTest -->
        <test-method is-config="true" signature="afterSuite()[pri:0, instance:testNG.CarLoan@16293aa2]" started-at="2023-02-05T01:27:59 IST" name="afterSuite" finished-at="2023-02-05T01:27:59 IST" duration-ms="1" status="PASS">
          <reporter-output>
          </reporter-output>
        </test-method> <!-- afterSuite -->
      </class> <!-- testNG.CarLoan -->
    </test> <!-- Default test -->
  </suite> <!-- Default suite -->
</testng-results>
